<?xml version="1.0" encoding="UTF-8"?>
<!-- Generated by org.testng.reporters.JUnitReportReporter -->
<testsuite skipped="0" hostname="Dell-PC" name="Academypackage.Homepage" tests="1" failures="0" timestamp="2020-11-21T17:03:48 IST" time="25.591" errors="0">
  <testcase name="HomePageNavigation" time="25.591" classname="Academypackage.Homepage"/>
  <system-out/>
</testsuite> <!-- Academypackage.Homepage -->
