<?xml version="1.0" encoding="UTF-8"?>
<!-- Generated by org.testng.reporters.JUnitReportReporter -->
<testsuite skipped="0" hostname="Dell-PC" name="Academypackage.Homepage" tests="1" failures="0" timestamp="2020-11-21T21:43:06 IST" time="33.360" errors="0">
  <testcase name="HomePageNavigation" time="33.360" classname="Academypackage.Homepage"/>
  <system-out/>
</testsuite> <!-- Academypackage.Homepage -->
